Branchster-Android-No-SDK/app/build/outputs/logs/manifest-merger-debug-report.txt
-- Merging decision tree log ---
manifest
ADDED from src\main\AndroidManifest.xml:2:1-75:12
INJECTED from src\main\AndroidManifest.xml:2:1-75:12
INJECTED from src\main\AndroidManifest.xml:2:1-75:12
INJECTED from src\main\AndroidManifest.xml:2:1-75:12
MERGED from [com.android.support:design:25.2.0] AndroidManifest.xml:17:1-27:12
MERGED from [com.android.support:appcompat-v7:25.2.0] AndroidManifest.xml:17:1-27:12
MERGED from [io.branch.sdk.android:library:2.19.0] AndroidManifest.xml:2:1-11:12
MERGED from [com.android.support:customtabs:23.3.0] AndroidManifest.xml:17:1-24:12
MERGED from [com.google.android.gms:play-services-ads:9.8.0] AndroidManifest.xml:16:1-18:12
MERGED from [com.google.android.gms:play-services-appindexing:9.8.0] AndroidManifest.xml:16:1-19:12
MERGED from [com.android.support:animated-vector-drawable:25.2.0] AndroidManifest.xml:17:1-24:12
MERGED from [com.android.support:support-vector-drawable:25.2.0] AndroidManifest.xml:17:1-25:12
MERGED from [com.android.support:recyclerview-v7:25.2.0] AndroidManifest.xml:17:1-22:12
MERGED from [com.android.support:transition:25.2.0] AndroidManifest.xml:17:1-24:12
MERGED from [com.google.android.gms:play-services-ads-lite:9.8.0] AndroidManifest.xml:16:1-28:12
MERGED from [com.google.android.gms:play-services-clearcut:9.8.0] AndroidManifest.xml:16:1-19:12
MERGED from [com.google.android.gms:play-services-base:9.8.0] AndroidManifest.xml:16:1-21:12
MERGED from [com.google.android.gms:play-services-gass:9.8.0] AndroidManifest.xml:2:1-5:12
MERGED from [com.google.firebase:firebase-common:9.8.0] AndroidManifest.xml:2:1-8:12
MERGED from [com.google.android.gms:play-services-tasks:9.8.0] AndroidManifest.xml:2:1-5:12
MERGED from [com.google.android.gms:play-services-basement:9.8.0] AndroidManifest.xml:16:1-23:12
MERGED from [com.android.support:support-v4:25.2.0] AndroidManifest.xml:17:1-27:12
MERGED from [com.android.support:support-fragment:25.2.0] AndroidManifest.xml:17:1-27:12
MERGED from [com.android.support:support-core-ui:25.2.0] AndroidManifest.xml:17:1-27:12
MERGED from [com.android.support:support-media-compat:25.2.0] AndroidManifest.xml:17:1-27:12
MERGED from [com.android.support:support-core-utils:25.2.0] AndroidManifest.xml:17:1-27:12
MERGED from [com.android.support:support-compat:25.2.0] AndroidManifest.xml:17:1-27:12
MERGED from [com.crashlytics.sdk.android:answers-shim:0.0.6] AndroidManifest.xml:2:1-13:12
INJECTED from src\main\AndroidManifest.xml:2:1-75:12
INJECTED from src\main\AndroidManifest.xml:2:1-75:12
INJECTED from src\main\AndroidManifest.xml:2:1-75:12
	package
		ADDED from src\main\AndroidManifest.xml:3:5-35
		INJECTED from src\main\AndroidManifest.xml
		INJECTED from src\main\AndroidManifest.xml
	android:versionName
		ADDED from src\main\AndroidManifest.xml:5:5-32
		INJECTED from src\main\AndroidManifest.xml
		INJECTED from src\main\AndroidManifest.xml
	xmlns:android
		ADDED from src\main\AndroidManifest.xml:2:11-69
	android:versionCode
		ADDED from src\main\AndroidManifest.xml:4:5-29
		INJECTED from src\main\AndroidManifest.xml
		INJECTED from src\main\AndroidManifest.xml
uses-sdk
ADDED from src\main\AndroidManifest.xml:7:5-9:41
INJECTED from src\main\AndroidManifest.xml:7:5-9:41
INJECTED from src\main\AndroidManifest.xml:7:5-9:41
MERGED from [com.android.support:design:25.2.0] AndroidManifest.xml:21:5-23:62
MERGED from [com.android.support:design:25.2.0] AndroidManifest.xml:21:5-23:62
MERGED from [com.android.support:appcompat-v7:25.2.0] AndroidManifest.xml:21:5-23:78
MERGED from [com.android.support:appcompat-v7:25.2.0] AndroidManifest.xml:21:5-23:78
MERGED from [io.branch.sdk.android:library:2.19.0] AndroidManifest.xml:7:5-9:41
MERGED from [io.branch.sdk.android:library:2.19.0] AndroidManifest.xml:7:5-9:41
MERGED from [com.android.support:customtabs:23.3.0] AndroidManifest.xml:20:5-44
MERGED from [com.android.support:customtabs:23.3.0] AndroidManifest.xml:20:5-44
MERGED from [com.google.android.gms:play-services-ads:9.8.0] AndroidManifest.xml:17:5-42
MERGED from [com.google.android.gms:play-services-ads:9.8.0] AndroidManifest.xml:17:5-42
MERGED from [com.google.android.gms:play-services-appindexing:9.8.0] AndroidManifest.xml:17:5-42
MERGED from [com.google.android.gms:play-services-appindexing:9.8.0] AndroidManifest.xml:17:5-42
MERGED from [com.android.support:animated-vector-drawable:25.2.0] AndroidManifest.xml:20:5-44
MERGED from [com.android.support:animated-vector-drawable:25.2.0] AndroidManifest.xml:20:5-44
MERGED from [com.android.support:support-vector-drawable:25.2.0] AndroidManifest.xml:21:5-43
MERGED from [com.android.support:support-vector-drawable:25.2.0] AndroidManifest.xml:21:5-43
MERGED from [com.android.support:recyclerview-v7:25.2.0] AndroidManifest.xml:20:5-43
MERGED from [com.android.support:recyclerview-v7:25.2.0] AndroidManifest.xml:20:5-43
MERGED from [com.android.support:transition:25.2.0] AndroidManifest.xml:20:5-44
MERGED from [com.android.support:transition:25.2.0] AndroidManifest.xml:20:5-44
MERGED from [com.google.android.gms:play-services-ads-lite:9.8.0] AndroidManifest.xml:22:5-42
MERGED from [com.google.android.gms:play-services-ads-lite:9.8.0] AndroidManifest.xml:22:5-42
MERGED from [com.google.android.gms:play-services-clearcut:9.8.0] AndroidManifest.xml:17:5-42
MERGED from [com.google.android.gms:play-services-clearcut:9.8.0] AndroidManifest.xml:17:5-42
MERGED from [com.google.android.gms:play-services-base:9.8.0] AndroidManifest.xml:17:5-42
MERGED from [com.google.android.gms:play-services-base:9.8.0] AndroidManifest.xml:17:5-42
MERGED from [com.google.android.gms:play-services-gass:9.8.0] AndroidManifest.xml:3:5-42
MERGED from [com.google.android.gms:play-services-gass:9.8.0] AndroidManifest.xml:3:5-42
MERGED from [com.google.firebase:firebase-common:9.8.0] AndroidManifest.xml:3:5-42
MERGED from [com.google.firebase:firebase-common:9.8.0] AndroidManifest.xml:3:5-42
MERGED from [com.google.android.gms:play-services-tasks:9.8.0] AndroidManifest.xml:3:5-42
MERGED from [com.google.android.gms:play-services-tasks:9.8.0] AndroidManifest.xml:3:5-42
MERGED from [com.google.android.gms:play-services-basement:9.8.0] AndroidManifest.xml:17:5-42
MERGED from [com.google.android.gms:play-services-basement:9.8.0] AndroidManifest.xml:17:5-42
MERGED from [com.android.support:support-v4:25.2.0] AndroidManifest.xml:21:5-23:54
MERGED from [com.android.support:support-v4:25.2.0] AndroidManifest.xml:21:5-23:54
MERGED from [com.android.support:support-fragment:25.2.0] AndroidManifest.xml:21:5-23:60
MERGED from [com.android.support:support-fragment:25.2.0] AndroidManifest.xml:21:5-23:60
MERGED from [com.android.support:support-core-ui:25.2.0] AndroidManifest.xml:21:5-23:58
MERGED from [com.android.support:support-core-ui:25.2.0] AndroidManifest.xml:21:5-23:58
MERGED from [com.android.support:support-media-compat:25.2.0] AndroidManifest.xml:21:5-23:63
MERGED from [com.android.support:support-media-compat:25.2.0] AndroidManifest.xml:21:5-23:63
MERGED from [com.android.support:support-core-utils:25.2.0] AndroidManifest.xml:21:5-23:61
MERGED from [com.android.support:support-core-utils:25.2.0] AndroidManifest.xml:21:5-23:61
MERGED from [com.android.support:support-compat:25.2.0] AndroidManifest.xml:21:5-23:58
MERGED from [com.android.support:support-compat:25.2.0] AndroidManifest.xml:21:5-23:58
MERGED from [com.crashlytics.sdk.android:answers-shim:0.0.6] AndroidManifest.xml:7:5-9:41
MERGED from [com.crashlytics.sdk.android:answers-shim:0.0.6] AndroidManifest.xml:7:5-9:41
INJECTED from src\main\AndroidManifest.xml:7:5-9:41
INJECTED from src\main\AndroidManifest.xml:7:5-9:41
	tools:overrideLibrary
		ADDED from [com.android.support:design:25.2.0] AndroidManifest.xml:23:9-59
	android:targetSdkVersion
		ADDED from src\main\AndroidManifest.xml:9:9-38
		INJECTED from src\main\AndroidManifest.xml
		INJECTED from src\main\AndroidManifest.xml
	android:minSdkVersion
		ADDED from src\main\AndroidManifest.xml:8:9-35
		INJECTED from src\main\AndroidManifest.xml
		INJECTED from src\main\AndroidManifest.xml
uses-permission#android.permission.INTERNET
ADDED from src\main\AndroidManifest.xml:11:5-67
MERGED from [com.google.android.gms:play-services-ads-lite:9.8.0] AndroidManifest.xml:19:5-66
MERGED from [com.google.android.gms:play-services-ads-lite:9.8.0] AndroidManifest.xml:19:5-66
	android:name
		ADDED from src\main\AndroidManifest.xml:11:22-64
uses-permission#android.permission.WRITE_EXTERNAL_STORAGE
ADDED from src\main\AndroidManifest.xml:12:5-80
	android:name
		ADDED from src\main\AndroidManifest.xml:12:22-78
uses-permission#android.permission.READ_EXTERNAL_STORAGE
ADDED from src\main\AndroidManifest.xml:13:5-80
	android:name
		ADDED from src\main\AndroidManifest.xml:13:22-77
application
ADDED from src\main\AndroidManifest.xml:15:5-73:19
MERGED from [com.android.support:design:25.2.0] AndroidManifest.xml:25:5-20
MERGED from [com.android.support:design:25.2.0] AndroidManifest.xml:25:5-20
MERGED from [com.android.support:appcompat-v7:25.2.0] AndroidManifest.xml:25:5-20
MERGED from [com.android.support:appcompat-v7:25.2.0] AndroidManifest.xml:25:5-20
MERGED from [com.android.support:customtabs:23.3.0] AndroidManifest.xml:22:5-20
MERGED from [com.android.support:customtabs:23.3.0] AndroidManifest.xml:22:5-20
MERGED from [com.google.android.gms:play-services-appindexing:9.8.0] AndroidManifest.xml:18:5-19
MERGED from [com.google.android.gms:play-services-appindexing:9.8.0] AndroidManifest.xml:18:5-19
MERGED from [com.android.support:animated-vector-drawable:25.2.0] AndroidManifest.xml:22:5-20
MERGED from [com.android.support:animated-vector-drawable:25.2.0] AndroidManifest.xml:22:5-20
MERGED from [com.android.support:support-vector-drawable:25.2.0] AndroidManifest.xml:23:5-20
MERGED from [com.android.support:support-vector-drawable:25.2.0] AndroidManifest.xml:23:5-20
MERGED from [com.android.support:transition:25.2.0] AndroidManifest.xml:22:5-20
MERGED from [com.android.support:transition:25.2.0] AndroidManifest.xml:22:5-20
MERGED from [com.google.android.gms:play-services-ads-lite:9.8.0] AndroidManifest.xml:23:5-27:19
MERGED from [com.google.android.gms:play-services-ads-lite:9.8.0] AndroidManifest.xml:23:5-27:19
MERGED from [com.google.android.gms:play-services-clearcut:9.8.0] AndroidManifest.xml:18:5-19
MERGED from [com.google.android.gms:play-services-clearcut:9.8.0] AndroidManifest.xml:18:5-19
MERGED from [com.google.android.gms:play-services-base:9.8.0] AndroidManifest.xml:18:5-20:19
MERGED from [com.google.android.gms:play-services-base:9.8.0] AndroidManifest.xml:18:5-20:19
MERGED from [com.google.android.gms:play-services-gass:9.8.0] AndroidManifest.xml:4:5-19
MERGED from [com.google.android.gms:play-services-gass:9.8.0] AndroidManifest.xml:4:5-19
MERGED from [com.google.firebase:firebase-common:9.8.0] AndroidManifest.xml:4:5-7:19
MERGED from [com.google.firebase:firebase-common:9.8.0] AndroidManifest.xml:4:5-7:19
MERGED from [com.google.android.gms:play-services-tasks:9.8.0] AndroidManifest.xml:4:5-19
MERGED from [com.google.android.gms:play-services-tasks:9.8.0] AndroidManifest.xml:4:5-19
MERGED from [com.google.android.gms:play-services-basement:9.8.0] AndroidManifest.xml:19:5-21:19
MERGED from [com.google.android.gms:play-services-basement:9.8.0] AndroidManifest.xml:19:5-21:19
MERGED from [com.android.support:support-v4:25.2.0] AndroidManifest.xml:25:5-20
MERGED from [com.android.support:support-v4:25.2.0] AndroidManifest.xml:25:5-20
MERGED from [com.android.support:support-fragment:25.2.0] AndroidManifest.xml:25:5-20
MERGED from [com.android.support:support-fragment:25.2.0] AndroidManifest.xml:25:5-20
MERGED from [com.android.support:support-core-ui:25.2.0] AndroidManifest.xml:25:5-20
MERGED from [com.android.support:support-core-ui:25.2.0] AndroidManifest.xml:25:5-20
MERGED from [com.android.support:support-media-compat:25.2.0] AndroidManifest.xml:25:5-20
MERGED from [com.android.support:support-media-compat:25.2.0] AndroidManifest.xml:25:5-20
MERGED from [com.android.support:support-core-utils:25.2.0] AndroidManifest.xml:25:5-20
MERGED from [com.android.support:support-core-utils:25.2.0] AndroidManifest.xml:25:5-20
MERGED from [com.android.support:support-compat:25.2.0] AndroidManifest.xml:25:5-20
MERGED from [com.android.support:support-compat:25.2.0] AndroidManifest.xml:25:5-20
MERGED from [com.crashlytics.sdk.android:answers-shim:0.0.6] AndroidManifest.xml:11:5-20
MERGED from [com.crashlytics.sdk.android:answers-shim:0.0.6] AndroidManifest.xml:11:5-20
	android:label
		ADDED from src\main\AndroidManifest.xml:20:9-41
	android:largeHeap
		ADDED from src\main\AndroidManifest.xml:17:9-33
	android:icon
		ADDED from src\main\AndroidManifest.xml:19:9-45
	android:allowBackup
		ADDED from src\main\AndroidManifest.xml:18:9-35
	android:name
		ADDED from src\main\AndroidManifest.xml:16:9-63
activity#io.branch.branchster.SplashActivity
ADDED from src\main\AndroidManifest.xml:22:9-44:20
	android:screenOrientation
		ADDED from src\main\AndroidManifest.xml:25:13-49
	android:label
		ADDED from src\main\AndroidManifest.xml:24:13-45
	android:launchMode
		ADDED from src\main\AndroidManifest.xml:27:13-44
	android:theme
		ADDED from src\main\AndroidManifest.xml:26:13-53
	android:name
		ADDED from src\main\AndroidManifest.xml:23:13-63
intent-filter#action:name:android.intent.action.MAIN+category:name:android.intent.category.LAUNCHER
ADDED from src\main\AndroidManifest.xml:29:13-32:29
action#android.intent.action.MAIN
ADDED from src\main\AndroidManifest.xml:30:17-69
	android:name
		ADDED from src\main\AndroidManifest.xml:30:25-66
category#android.intent.category.LAUNCHER
ADDED from src\main\AndroidManifest.xml:31:17-77
	android:name
		ADDED from src\main\AndroidManifest.xml:31:27-74
intent-filter#action:name:android.intent.action.VIEW+category:name:android.intent.category.BROWSABLE+category:name:android.intent.category.DEFAULT+data:host:open+data:host:rohit+data:host:rohit-alternate.test-app.link+data:host:rohit.test-app.link+data:scheme:branchster+data:scheme:branchster+data:scheme:https+data:scheme:https
ADDED from src\main\AndroidManifest.xml:34:13-42:29
data
ADDED from src\main\AndroidManifest.xml:35:17-83
	android:host
		ADDED from src\main\AndroidManifest.xml:35:46-80
	android:scheme
		ADDED from src\main\AndroidManifest.xml:35:23-45
action#android.intent.action.VIEW
ADDED from src\main\AndroidManifest.xml:39:17-69
	android:name
		ADDED from src\main\AndroidManifest.xml:39:25-66
category#android.intent.category.DEFAULT
ADDED from src\main\AndroidManifest.xml:40:17-76
	android:name
		ADDED from src\main\AndroidManifest.xml:40:27-73
category#android.intent.category.BROWSABLE
ADDED from src\main\AndroidManifest.xml:41:17-78
	android:name
		ADDED from src\main\AndroidManifest.xml:41:27-75
activity#io.branch.branchster.MonsterViewerActivity
ADDED from src\main\AndroidManifest.xml:46:9-51:20
	android:screenOrientation
		ADDED from src\main\AndroidManifest.xml:50:13-49
	android:launchMode
		ADDED from src\main\AndroidManifest.xml:49:13-48
	android:theme
		ADDED from src\main\AndroidManifest.xml:48:13-49
	android:name
		ADDED from src\main\AndroidManifest.xml:47:13-70
activity#io.branch.branchster.MonsterCreatorActivity
ADDED from src\main\AndroidManifest.xml:53:9-58:20
	android:screenOrientation
		ADDED from src\main\AndroidManifest.xml:57:13-49
	android:launchMode
		ADDED from src\main\AndroidManifest.xml:56:13-48
	android:theme
		ADDED from src\main\AndroidManifest.xml:55:13-49
	android:name
		ADDED from src\main\AndroidManifest.xml:54:13-71
meta-data#com.facebook.sdk.ApplicationId
ADDED from src\main\AndroidManifest.xml:60:9-107
	android:value
		ADDED from src\main\AndroidManifest.xml:60:66-105
	android:name
		ADDED from src\main\AndroidManifest.xml:60:20-65
meta-data#io.branch.sdk.BranchKey.test
ADDED from src\main\AndroidManifest.xml:64:9-124
	android:value
		ADDED from src\main\AndroidManifest.xml:64:64-121
	android:name
		ADDED from src\main\AndroidManifest.xml:64:20-63
meta-data#io.branch.sdk.TestMode
ADDED from src\main\AndroidManifest.xml:65:9-81
	android:value
		ADDED from src\main\AndroidManifest.xml:65:58-78
	android:name
		ADDED from src\main\AndroidManifest.xml:65:20-57
receiver#io.branch.referral.InstallListener
ADDED from src\main\AndroidManifest.xml:68:9-72:20
	android:exported
		ADDED from src\main\AndroidManifest.xml:68:69-92
	android:name
		ADDED from src\main\AndroidManifest.xml:68:19-68
intent-filter#action:name:com.android.vending.INSTALL_REFERRER
ADDED from src\main\AndroidManifest.xml:69:13-71:29
action#com.android.vending.INSTALL_REFERRER
ADDED from src\main\AndroidManifest.xml:70:17-79
	android:name
		ADDED from src\main\AndroidManifest.xml:70:25-76
uses-permission#android.permission.ACCESS_NETWORK_STATE
ADDED from [com.google.android.gms:play-services-ads-lite:9.8.0] AndroidManifest.xml:20:5-78
	android:name
		ADDED from [com.google.android.gms:play-services-ads-lite:9.8.0] AndroidManifest.xml:20:22-76
activity#com.google.android.gms.ads.AdActivity
ADDED from [com.google.android.gms:play-services-ads-lite:9.8.0] AndroidManifest.xml:25:9-232
	android:configChanges
		ADDED from [com.google.android.gms:play-services-ads-lite:9.8.0] AndroidManifest.xml:25:72-181
	android:theme
		ADDED from [com.google.android.gms:play-services-ads-lite:9.8.0] AndroidManifest.xml:25:182-230
	android:name
		ADDED from [com.google.android.gms:play-services-ads-lite:9.8.0] AndroidManifest.xml:25:19-71
activity#com.google.android.gms.ads.purchase.InAppPurchaseActivity
ADDED from [com.google.android.gms:play-services-ads-lite:9.8.0] AndroidManifest.xml:26:9-131
	android:theme
		ADDED from [com.google.android.gms:play-services-ads-lite:9.8.0] AndroidManifest.xml:26:92-129
	android:name
		ADDED from [com.google.android.gms:play-services-ads-lite:9.8.0] AndroidManifest.xml:26:19-91
activity#com.google.android.gms.common.api.GoogleApiActivity
ADDED from [com.google.android.gms:play-services-base:9.8.0] AndroidManifest.xml:19:9-172
	android:exported
		ADDED from [com.google.android.gms:play-services-base:9.8.0] AndroidManifest.xml:19:146-170
	android:theme
		ADDED from [com.google.android.gms:play-services-base:9.8.0] AndroidManifest.xml:19:86-145
	android:name
		ADDED from [com.google.android.gms:play-services-base:9.8.0] AndroidManifest.xml:19:19-85
provider#com.google.firebase.provider.FirebaseInitProvider
ADDED from [com.google.firebase:firebase-common:9.8.0] AndroidManifest.xml:6:9-175
	android:authorities
		ADDED from [com.google.firebase:firebase-common:9.8.0] AndroidManifest.xml:6:19-78
	android:exported
		ADDED from [com.google.firebase:firebase-common:9.8.0] AndroidManifest.xml:6:125-149
	android:initOrder
		ADDED from [com.google.firebase:firebase-common:9.8.0] AndroidManifest.xml:6:150-173
	android:name
		ADDED from [com.google.firebase:firebase-common:9.8.0] AndroidManifest.xml:6:79-124
meta-data#com.google.android.gms.version
ADDED from [com.google.android.gms:play-services-basement:9.8.0] AndroidManifest.xml:20:9-121
	android:value
		ADDED from [com.google.android.gms:play-services-basement:9.8.0] AndroidManifest.xml:20:66-119
	android:name
		ADDED from [com.google.android.gms:play-services-basement:9.8.0] AndroidManifest.xml:20:20-65